[0130/132015.704:INFO:CONSOLE(1)] "'webkitURL' is deprecated. Please use 'URL' instead.", source:  (1)
[0130/132030.196:INFO:CONSOLE(25)] "[Facebook Pixel] - Duplicate Pixel ID: 232947080525733.", source: https://connect.facebook.net/en_US/fbevents.js (25)
[0130/133251.493:INFO:CONSOLE(1)] "'webkitURL' is deprecated. Please use 'URL' instead.", source:  (1)
[0130/133256.684:INFO:CONSOLE(25)] "[Facebook Pixel] - Duplicate Pixel ID: 232947080525733.", source: https://connect.facebook.net/en_US/fbevents.js (25)
[0130/133346.004:INFO:CONSOLE(25)] "[Facebook Pixel] - Duplicate Pixel ID: 232947080525733.", source: https://connect.facebook.net/en_US/fbevents.js (25)
[0130/133414.494:INFO:CONSOLE(25)] "[Facebook Pixel] - Duplicate Pixel ID: 232947080525733.", source: https://connect.facebook.net/en_US/fbevents.js (25)
[0130/134728.558:INFO:CONSOLE(1)] "'webkitURL' is deprecated. Please use 'URL' instead.", source:  (1)
[0130/134733.563:INFO:CONSOLE(25)] "[Facebook Pixel] - Duplicate Pixel ID: 232947080525733.", source: https://connect.facebook.net/en_US/fbevents.js (25)
[0130/134737.023:WARNING:spdy_session.cc(3144)] Received HEADERS for invalid stream 3
[0130/134739.216:INFO:CONSOLE(25)] "[Facebook Pixel] - Duplicate Pixel ID: 232947080525733.", source: https://connect.facebook.net/en_US/fbevents.js (25)
[0130/134757.656:INFO:CONSOLE(25)] "[Facebook Pixel] - Duplicate Pixel ID: 232947080525733.", source: https://connect.facebook.net/en_US/fbevents.js (25)
[0130/134852.032:ERROR:ssl_client_socket_impl.cc(1013)] handshake failed; returned -1, SSL error code 1, net_error -101
[0130/134852.190:ERROR:ssl_client_socket_impl.cc(1013)] handshake failed; returned -1, SSL error code 1, net_error -101
[0130/134852.195:ERROR:ssl_client_socket_impl.cc(1013)] handshake failed; returned -1, SSL error code 1, net_error -101
[0130/134852.196:ERROR:ssl_client_socket_impl.cc(1013)] handshake failed; returned -1, SSL error code 1, net_error -101
[0130/134852.236:ERROR:ssl_client_socket_impl.cc(1013)] handshake failed; returned -1, SSL error code 1, net_error -100
[0130/134852.238:ERROR:ssl_client_socket_impl.cc(1013)] handshake failed; returned -1, SSL error code 1, net_error -101
[0130/134852.259:ERROR:ssl_client_socket_impl.cc(1013)] handshake failed; returned -1, SSL error code 1, net_error -101
[0130/134854.240:INFO:CONSOLE(25)] "[Facebook Pixel] - Duplicate Pixel ID: 232947080525733.", source: https://connect.facebook.net/en_US/fbevents.js (25)
[0130/134904.009:INFO:CONSOLE(25)] "[Facebook Pixel] - Duplicate Pixel ID: 232947080525733.", source: https://connect.facebook.net/en_US/fbevents.js (25)
[0130/140807.680:INFO:CONSOLE(1)] "'webkitURL' is deprecated. Please use 'URL' instead.", source:  (1)
[0130/140813.902:INFO:CONSOLE(25)] "[Facebook Pixel] - Duplicate Pixel ID: 232947080525733.", source: https://connect.facebook.net/en_US/fbevents.js (25)
[0130/140905.414:INFO:CONSOLE(1)] "'webkitURL' is deprecated. Please use 'URL' instead.", source:  (1)
[0130/140910.716:INFO:CONSOLE(25)] "[Facebook Pixel] - Duplicate Pixel ID: 232947080525733.", source: https://connect.facebook.net/en_US/fbevents.js (25)
[0130/140953.127:INFO:CONSOLE(25)] "[Facebook Pixel] - Duplicate Pixel ID: 232947080525733.", source: https://connect.facebook.net/en_US/fbevents.js (25)
[0130/141002.631:INFO:CONSOLE(25)] "[Facebook Pixel] - Duplicate Pixel ID: 232947080525733.", source: https://connect.facebook.net/en_US/fbevents.js (25)
[0130/142703.541:INFO:CONSOLE(1)] "'webkitURL' is deprecated. Please use 'URL' instead.", source:  (1)
[0130/142710.323:INFO:CONSOLE(25)] "[Facebook Pixel] - Duplicate Pixel ID: 232947080525733.", source: https://connect.facebook.net/en_US/fbevents.js (25)
[0130/143141.052:INFO:CONSOLE(25)] "[Facebook Pixel] - Duplicate Pixel ID: 232947080525733.", source: https://connect.facebook.net/en_US/fbevents.js (25)
[0130/143638.707:INFO:CONSOLE(25)] "[Facebook Pixel] - Duplicate Pixel ID: 232947080525733.", source: https://connect.facebook.net/en_US/fbevents.js (25)
[0130/144141.433:INFO:CONSOLE(25)] "[Facebook Pixel] - Duplicate Pixel ID: 232947080525733.", source: https://connect.facebook.net/en_US/fbevents.js (25)
[0130/144731.635:INFO:CONSOLE(1)] "'webkitURL' is deprecated. Please use 'URL' instead.", source:  (1)
[0130/144733.793:INFO:CONSOLE(55)] "TypeError: Failed to fetch", source: https://fly.vietnamairlines.com/dx/VNDX/3.4.42-13.VN_FFU_AER_v10/js/bundle.js (55)
[0130/144741.306:INFO:CONSOLE(25)] "[Facebook Pixel] - Duplicate Pixel ID: 232947080525733.", source: https://connect.facebook.net/en_US/fbevents.js (25)
[0130/144757.836:INFO:CONSOLE(25)] "[Facebook Pixel] - Duplicate Pixel ID: 232947080525733.", source: https://connect.facebook.net/en_US/fbevents.js (25)
[0130/144815.946:INFO:CONSOLE(25)] "[Facebook Pixel] - Duplicate Pixel ID: 232947080525733.", source: https://connect.facebook.net/en_US/fbevents.js (25)
[0130/145220.282:INFO:CONSOLE(1)] "'webkitURL' is deprecated. Please use 'URL' instead.", source:  (1)
